#
# There is insufficient memory for the Java Runtime Environment to continue.
# Native memory allocation (malloc) failed to allocate 1048576 bytes. Error detail: AllocateHeap
# Possible reasons:
#   The system is out of physical RAM or swap space
#   This process is running with CompressedOops enabled, and the Java Heap may be blocking the growth of the native heap
# Possible solutions:
#   Reduce memory load on the system
#   Increase physical memory or swap space
#   Check if swap backing store is full
#   Decrease Java heap size (-Xmx/-Xms)
#   Decrease number of Java threads
#   Decrease Java thread stack sizes (-Xss)
#   Set larger code cache with -XX:ReservedCodeCacheSize=
#   JVM is running with Unscaled Compressed Oops mode in which the Java heap is
#     placed in the first 4GB address space. The Java Heap base address is the
#     maximum limit for the native heap growth. Please use -XX:HeapBaseMinAddress
#     to set the Java Heap base and to place the Java Heap above 4GB virtual address.
# This output file may be truncated or incomplete.
#
#  Out of Memory Error (allocation.cpp:44), pid=20140, tid=9812
#
# JRE version: OpenJDK Runtime Environment Temurin-21.0.9+10 (21.0.9+10) (build 21.0.9+10-LTS)
# Java VM: OpenJDK 64-Bit Server VM Temurin-21.0.9+10 (21.0.9+10-LTS, mixed mode, sharing, tiered, compressed oops, compressed class ptrs, parallel gc, windows-amd64)
# No core dump will be written. Minidumps are not enabled by default on client versions of Windows
#

---------------  S U M M A R Y ------------

Command Line: --add-modules=ALL-SYSTEM --add-opens=java.base/java.util=ALL-UNNAMED --add-opens=java.base/java.lang=ALL-UNNAMED --add-opens=java.base/sun.nio.fs=ALL-UNNAMED -Declipse.application=org.eclipse.jdt.ls.core.id1 -Dosgi.bundles.defaultStartLevel=4 -Declipse.product=org.eclipse.jdt.ls.core.product -Djava.import.generatesMetadataFilesAtProjectRoot=false -DDetectVMInstallationsJob.disabled=true -Dfile.encoding=utf8 -XX:+UseParallelGC -XX:GCTimeRatio=4 -XX:AdaptiveSizePolicyWeight=90 -Dsun.zip.disableMemoryMapping=true -Xmx2G -Xms100m -Xlog:disable -javaagent:c:\Users\rupik\.vscode\extensions\redhat.java-1.52.0-win32-x64\lombok\lombok-1.18.39-4050.jar -XX:+HeapDumpOnOutOfMemoryError -XX:HeapDumpPath=c:\Users\rupik\AppData\Roaming\Code\User\workspaceStorage\01406bdcd998e9f02b55e3379587f3c9\redhat.java -Daether.dependencyCollector.impl=bf c:\Users\rupik\.vscode\extensions\redhat.java-1.52.0-win32-x64\server\plugins\org.eclipse.equinox.launcher_1.7.100.v20251111-0406.jar -configuration c:\Users\rupik\AppData\Roaming\Code\User\globalStorage\redhat.java\1.52.0\config_win -data c:\Users\rupik\AppData\Roaming\Code\User\workspaceStorage\01406bdcd998e9f02b55e3379587f3c9\redhat.java\jdt_ws --pipe=\\.\pipe\lsp-9a97440b64e3a64761d03d6f692263f2-sock

Host: 12th Gen Intel(R) Core(TM) i5-1235U, 12 cores, 15G,  Windows 11 , 64 bit Build 22621 (10.0.22621.5415)
Time: Wed Feb 25 19:47:43 2026 India Standard Time elapsed time: 1654.081327 seconds (0d 0h 27m 34s)

---------------  T H R E A D  ---------------

Current thread (0x00000152be835750):  JavaThread "Attach Listener" daemon [_thread_in_vm, id=9812, stack(0x0000003c39800000,0x0000003c39900000) (1024K)]

Stack: [0x0000003c39800000,0x0000003c39900000]
Native frames: (J=compiled Java code, j=interpreted, Vv=VM code, C=native code)
V  [jvm.dll+0x6d6e29]
V  [jvm.dll+0x8b4b76]
V  [jvm.dll+0x8b712e]
V  [jvm.dll+0x8b7813]
V  [jvm.dll+0x283d86]
V  [jvm.dll+0xc1277]
V  [jvm.dll+0x6d76d9]
V  [jvm.dll+0x133466]
V  [jvm.dll+0x3f7ea6]
V  [jvm.dll+0x85e9ad]
V  [jvm.dll+0x6d565d]
C  [ucrtbase.dll+0x29333]
C  [KERNEL32.DLL+0x1259d]
C  [ntdll.dll+0x5af78]


---------------  P R O C E S S  ---------------

Threads class SMR info:
_java_thread_list=0x000001531ff7bfc0, length=43, elements={
0x00000152bc40b240, 0x00000152be8333c0, 0x00000152d523cbc0, 0x00000152d523e5f0,
0x00000152be835750, 0x00000152be8383b0, 0x00000152be83ae10, 0x00000152be83dfa0,
0x00000152be84a290, 0x0000015317949450, 0x00000153179574e0, 0x00000153189faad0,
0x000001531d0b6e80, 0x000001531d209020, 0x000001531d1fbbd0, 0x000001531d3cd9e0,
0x000001531d728870, 0x000001531d505170, 0x000001531d502380, 0x000001531d503730,
0x0000015320ce5f10, 0x0000015320ce65a0, 0x0000015320ce7950, 0x0000015320cea740,
0x0000015320ceadd0, 0x0000015320ce9a20, 0x0000015320ce7fe0, 0x0000015320ceb460,
0x0000015320ce6c30, 0x0000015320cebaf0, 0x0000015320cec180, 0x0000015320ce8670,
0x0000015320cec810, 0x0000015320ce5880, 0x0000015320ce8d00, 0x0000015320cecea0,
0x00000153216ea7c0, 0x00000153216eb4e0, 0x00000153216e9aa0, 0x00000153216e4550,
0x000001531df4c050, 0x000001531df4c6e0, 0x000001531df4cd70
}

Java Threads: ( => current thread )
  0x00000152bc40b240 JavaThread "main"                              [_thread_blocked, id=7672, stack(0x0000003c39100000,0x0000003c39200000) (1024K)]
  0x00000152be8333c0 JavaThread "Reference Handler"          daemon [_thread_blocked, id=11460, stack(0x0000003c39500000,0x0000003c39600000) (1024K)]
  0x00000152d523cbc0 JavaThread "Finalizer"                  daemon [_thread_blocked, id=24248, stack(0x0000003c39600000,0x0000003c39700000) (1024K)]
  0x00000152d523e5f0 JavaThread "Signal Dispatcher"          daemon [_thread_blocked, id=12228, stack(0x0000003c39700000,0x0000003c39800000) (1024K)]
=>0x00000152be835750 JavaThread "Attach Listener"            daemon [_thread_in_vm, id=9812, stack(0x0000003c39800000,0x0000003c39900000) (1024K)]
  0x00000152be8383b0 JavaThread "Service Thread"             daemon [_thread_blocked, id=23560, stack(0x0000003c39900000,0x0000003c39a00000) (1024K)]
  0x00000152be83ae10 JavaThread "Monitor Deflation Thread"   daemon [_thread_blocked, id=13968, stack(0x0000003c39a00000,0x0000003c39b00000) (1024K)]
  0x00000152be83dfa0 JavaThread "C2 CompilerThread0"         daemon [_thread_blocked, id=16104, stack(0x0000003c39b00000,0x0000003c39c00000) (1024K)]
  0x00000152be84a290 JavaThread "C1 CompilerThread0"         daemon [_thread_blocked, id=26188, stack(0x0000003c39c00000,0x0000003c39d00000) (1024K)]
  0x0000015317949450 JavaThread "Common-Cleaner"             daemon [_thread_blocked, id=28272, stack(0x0000003c39e00000,0x0000003c39f00000) (1024K)]
  0x00000153179574e0 JavaThread "Notification Thread"        daemon [_thread_blocked, id=17024, stack(0x0000003c39d00000,0x0000003c39e00000) (1024K)]
  0x00000153189faad0 JavaThread "Active Thread: Equinox Container: 8cce8047-45d4-4af1-83de-91e4d1f5e93d"        [_thread_blocked, id=21340, stack(0x0000003c3a700000,0x0000003c3a800000) (1024K)]
  0x000001531d0b6e80 JavaThread "Refresh Thread: Equinox Container: 8cce8047-45d4-4af1-83de-91e4d1f5e93d" daemon [_thread_blocked, id=944, stack(0x0000003c3a900000,0x0000003c3aa00000) (1024K)]
  0x000001531d209020 JavaThread "Framework Event Dispatcher: Equinox Container: 8cce8047-45d4-4af1-83de-91e4d1f5e93d" daemon [_thread_blocked, id=11420, stack(0x0000003c3aa00000,0x0000003c3ab00000) (1024K)]
  0x000001531d1fbbd0 JavaThread "Start Level: Equinox Container: 8cce8047-45d4-4af1-83de-91e4d1f5e93d" daemon [_thread_blocked, id=17132, stack(0x0000003c3ab00000,0x0000003c3ac00000) (1024K)]
  0x000001531d3cd9e0 JavaThread "Bundle File Closer"         daemon [_thread_blocked, id=9312, stack(0x0000003c3ae00000,0x0000003c3af00000) (1024K)]
  0x000001531d728870 JavaThread "SCR Component Actor"        daemon [_thread_blocked, id=13064, stack(0x0000003c39f00000,0x0000003c3a000000) (1024K)]
  0x000001531d505170 JavaThread "Worker-JM"                         [_thread_blocked, id=24660, stack(0x0000003c3b000000,0x0000003c3b100000) (1024K)]
  0x000001531d502380 JavaThread "JNA Cleaner"                daemon [_thread_blocked, id=26564, stack(0x0000003c3b100000,0x0000003c3b200000) (1024K)]
  0x000001531d503730 JavaThread "Java indexing"              daemon [_thread_blocked, id=18048, stack(0x0000003c3b500000,0x0000003c3b600000) (1024K)]
  0x0000015320ce5f10 JavaThread "Thread-1"                   daemon [_thread_in_native, id=13864, stack(0x0000003c3ba00000,0x0000003c3bb00000) (1024K)]
  0x0000015320ce65a0 JavaThread "Thread-2"                   daemon [_thread_in_native, id=5216, stack(0x0000003c3bb00000,0x0000003c3bc00000) (1024K)]
  0x0000015320ce7950 JavaThread "Thread-3"                   daemon [_thread_in_native, id=17004, stack(0x0000003c3bc00000,0x0000003c3bd00000) (1024K)]
  0x0000015320cea740 JavaThread "Thread-4"                   daemon [_thread_in_native, id=28524, stack(0x0000003c3bd00000,0x0000003c3be00000) (1024K)]
  0x0000015320ceadd0 JavaThread "Thread-5"                   daemon [_thread_in_native, id=1320, stack(0x0000003c3be00000,0x0000003c3bf00000) (1024K)]
  0x0000015320ce9a20 JavaThread "Thread-6"                   daemon [_thread_in_native, id=13944, stack(0x0000003c3bf00000,0x0000003c3c000000) (1024K)]
  0x0000015320ce7fe0 JavaThread "Thread-7"                   daemon [_thread_in_native, id=23340, stack(0x0000003c3c000000,0x0000003c3c100000) (1024K)]
  0x0000015320ceb460 JavaThread "Thread-8"                   daemon [_thread_in_native, id=11368, stack(0x0000003c3c100000,0x0000003c3c200000) (1024K)]
  0x0000015320ce6c30 JavaThread "Thread-9"                   daemon [_thread_in_native, id=12496, stack(0x0000003c3c200000,0x0000003c3c300000) (1024K)]
  0x0000015320cebaf0 JavaThread "Thread-10"                  daemon [_thread_in_native, id=3656, stack(0x0000003c3c300000,0x0000003c3c400000) (1024K)]
  0x0000015320cec180 JavaThread "Thread-11"                  daemon [_thread_in_native, id=19564, stack(0x0000003c3c400000,0x0000003c3c500000) (1024K)]
  0x0000015320ce8670 JavaThread "Thread-12"                  daemon [_thread_in_native, id=6148, stack(0x0000003c3c500000,0x0000003c3c600000) (1024K)]
  0x0000015320cec810 JavaThread "Thread-13"                  daemon [_thread_in_native, id=24084, stack(0x0000003c3c600000,0x0000003c3c700000) (1024K)]
  0x0000015320ce5880 JavaThread "pool-2-thread-1"                   [_thread_blocked, id=19872, stack(0x0000003c3c700000,0x0000003c3c800000) (1024K)]
  0x0000015320ce8d00 JavaThread "WorkspaceEventsHandler"            [_thread_blocked, id=20212, stack(0x0000003c3c800000,0x0000003c3c900000) (1024K)]
  0x0000015320cecea0 JavaThread "pool-1-thread-1"                   [_thread_blocked, id=19884, stack(0x0000003c3c900000,0x0000003c3ca00000) (1024K)]
  0x00000153216ea7c0 JavaThread "Cleaner-0"                  daemon [_thread_blocked, id=11192, stack(0x0000003c3b200000,0x0000003c3b300000) (1024K)]
  0x00000153216eb4e0 JavaThread "Worker-18"                         [_thread_blocked, id=16592, stack(0x0000003c3a000000,0x0000003c3a100000) (1024K)]
  0x00000153216e9aa0 JavaThread "Worker-20"                         [_thread_blocked, id=22196, stack(0x0000003c3b600000,0x0000003c3b700000) (1024K)]
  0x00000153216e4550 JavaThread "LocalFile Deleter"          daemon [_thread_blocked, id=28656, stack(0x0000003c39000000,0x0000003c39100000) (1024K)]
  0x000001531df4c050 JavaThread "LocalFile Deleter"          daemon [_thread_blocked, id=26160, stack(0x0000003c3cc00000,0x0000003c3cd00000) (1024K)]
  0x000001531df4c6e0 JavaThread "LocalFile Deleter"          daemon [_thread_blocked, id=24676, stack(0x0000003c3cd00000,0x0000003c3ce00000) (1024K)]
  0x000001531df4cd70 JavaThread "LocalFile Deleter"          daemon [_thread_blocked, id=15808, stack(0x0000003c3ce00000,0x0000003c3cf00000) (1024K)]
Total: 43

Other Threads:
  0x00000152bc3e0c10 VMThread "VM Thread"                           [id=20516, stack(0x0000003c39400000,0x0000003c39500000) (1024K)]
  0x00000152d511ca00 WatcherThread "VM Periodic Task Thread"        [id=18512, stack(0x0000003c39300000,0x0000003c39400000) (1024K)]
  0x00000152bc3e1350 WorkerThread "GC Thread#0"                     [id=4508, stack(0x0000003c39200000,0x0000003c39300000) (1024K)]
  0x00000152bc3e0870 WorkerThread "GC Thread#1"                     [id=27996, stack(0x0000003c3a100000,0x0000003c3a200000) (1024K)]
  0x000001531883d510 WorkerThread "GC Thread#2"                     [id=26836, stack(0x0000003c3a200000,0x0000003c3a300000) (1024K)]
  0x000001531883d8b0 WorkerThread "GC Thread#3"                     [id=22640, stack(0x0000003c3a300000,0x0000003c3a400000) (1024K)]
  0x000001531883dff0 WorkerThread "GC Thread#4"                     [id=4480, stack(0x0000003c3a400000,0x0000003c3a500000) (1024K)]
  0x000001531883c2f0 WorkerThread "GC Thread#5"                     [id=3484, stack(0x0000003c3a500000,0x0000003c3a600000) (1024K)]
  0x000001531883dc50 WorkerThread "GC Thread#6"                     [id=17936, stack(0x0000003c3a600000,0x0000003c3a700000) (1024K)]
  0x000001531883bf50 WorkerThread "GC Thread#7"                     [id=27704, stack(0x0000003c3a800000,0x0000003c3a900000) (1024K)]
  0x000001531883b470 WorkerThread "GC Thread#8"                     [id=2808, stack(0x0000003c3ac00000,0x0000003c3ad00000) (1024K)]
  0x000001531883e390 WorkerThread "GC Thread#9"                     [id=27892, stack(0x0000003c3ad00000,0x0000003c3ae00000) (1024K)]
Total: 12

Threads with active compile tasks:
Total: 0

VM state: not at safepoint (normal execution)

VM Mutex/Monitor currently owned by a thread: None

Heap address: 0x0000000080000000, size: 2048 MB, Compressed Oops mode: 32-bit

CDS archive(s) mapped at: [0x00000152d6000000-0x00000152d6ba0000-0x00000152d6ba0000), size 12189696, SharedBaseAddress: 0x00000152d6000000, ArchiveRelocationMode: 1.
Compressed class space mapped at: 0x00000152d7000000-0x0000015317000000, reserved size: 1073741824
Narrow klass base: 0x00000152d6000000, Narrow klass shift: 0, Narrow klass range: 0x100000000

GC Precious Log:
 CardTable entry size: 512
 CPUs: 12 total, 12 available
 Memory: 16068M
 Large Page Support: Disabled
 NUMA Support: Disabled
 Compressed Oops: Enabled (32-bit)
 Alignments: Space 512K, Generation 512K, Heap 2M
 Heap Min Capacity: 100M
 Heap Initial Capacity: 100M
 Heap Max Capacity: 2G
 Pre-touch: Disabled
 Parallel Workers: 10

Heap:
 PSYoungGen      total 6656K, used 2249K [0x00000000d5580000, 0x00000000d5c80000, 0x0000000100000000)
  eden space 6144K, 31% used [0x00000000d5580000,0x00000000d5765390,0x00000000d5b80000)
  from space 512K, 60% used [0x00000000d5b80000,0x00000000d5bcd200,0x00000000d5c00000)
  to   space 512K, 0% used [0x00000000d5c00000,0x00000000d5c00000,0x00000000d5c80000)
 ParOldGen       total 449024K, used 448582K [0x0000000080000000, 0x000000009b680000, 0x00000000d5580000)
  object space 449024K, 99% used [0x0000000080000000,0x000000009b611828,0x000000009b680000)
 Metaspace       used 87610K, committed 89344K, reserved 1179648K
  class space    used 9204K, committed 9984K, reserved 1048576K

Card table byte_map: [0x00000152be160000,0x00000152be570000] _byte_map_base: 0x00000152bdd60000

Marking Bits: (ParMarkBitMap*) 0x00007fff650f2460
 Begin Bits: [0x00000152d0c40000, 0x00000152d2c40000)
 End Bits:   [0x00000152d2c40000, 0x00000152d4c40000)

Polling page: 0x00000152bdf50000

Metaspace:

Usage:
  Non-class:     76.57 MB used.
      Class:      8.99 MB used.
       Both:     85.56 MB used.

Virtual space:
  Non-class space:      128.00 MB reserved,      77.50 MB ( 61%) committed,  2 nodes.
      Class space:        1.00 GB reserved,       9.75 MB ( <1%) committed,  1 nodes.
             Both:        1.12 GB reserved,      87.25 MB (  8%) committed. 

Chunk freelists:
   Non-Class:  2.20 MB
       Class:  6.21 MB
        Both:  8.41 MB

MaxMetaspaceSize: unlimited
CompressedClassSpaceSize: 1.00 GB
Initial GC threshold: 21.00 MB
Current GC threshold: 134.06 MB
CDS: on
 - commit_granule_bytes: 65536.
 - commit_granule_words: 8192.
 - virtual_space_node_default_size: 8388608.
 - enlarge_chunks_in_place: 1.
 - use_allocation_guard: 0.


Internal statistics:

num_allocs_failed_limit: 9.
num_arena_births: 1502.
num_arena_deaths: 28.
num_vsnodes_births: 3.
num_vsnodes_deaths: 0.
num_space_committed: 1404.
num_space_uncommitted: 8.
num_chunks_returned_to_freelist: 90.
num_chunks_taken_from_freelist: 5590.
num_chunk_merges: 28.
num_chunk_splits: 3446.
num_chunks_enlarged: 1951.
num_inconsistent_stats: 0.

CodeHeap 'non-profiled nmethods': size=120000Kb used=17574Kb max_used=17574Kb free=102426Kb
 bounds [0x00000152c9460000, 0x00000152ca590000, 0x00000152d0990000]
CodeHeap 'profiled nmethods': size=120000Kb used=39293Kb max_used=39293Kb free=80706Kb
 bounds [0x00000152c1990000, 0x00000152c4000000, 0x00000152c8ec0000]
CodeHeap 'non-nmethods': size=5760Kb used=1533Kb max_used=1642Kb free=4227Kb
 bounds [0x00000152c8ec0000, 0x00000152c9130000, 0x00000152c9460000]
CodeCache: size=245760Kb, used=58400Kb, max_used=58509Kb, free=187359Kb
 total_blobs=17733, nmethods=16872, adapters=766, full_count=0
Compilation: enabled, stopped_count=0, restarted_count=0

Compilation events (20 events):
Event: 1529.776 Thread 0x00000152be84a290 18550       3       com.sun.org.apache.xerces.internal.dom.ChildNode::parentNode (16 bytes)
Event: 1529.776 Thread 0x00000152be84a290 nmethod 18550 0x00000152c3fe5e90 code [0x00000152c3fe6040, 0x00000152c3fe6278]
Event: 1529.779 Thread 0x00000152be84a290 18551       3       org.eclipse.jdt.internal.core.JavaModelManager$VariablesAndContainersSaveHelper::saveClasspathEntry (139 bytes)
Event: 1529.782 Thread 0x00000152be84a290 nmethod 18551 0x00000152c3fe6310 code [0x00000152c3fe6980, 0x00000152c3fe9ea0]
Event: 1529.782 Thread 0x00000152be84a290 18552       3       org.eclipse.jdt.internal.core.JavaModelManager$VariablesAndContainersSaveHelper::saveAccessRules (40 bytes)
Event: 1529.783 Thread 0x00000152be84a290 nmethod 18552 0x00000152c3feb290 code [0x00000152c3feb520, 0x00000152c3fec158]
Event: 1529.783 Thread 0x00000152be84a290 18553       3       java.util.LinkedHashMap::internalWriteEntries (34 bytes)
Event: 1529.783 Thread 0x00000152be84a290 nmethod 18553 0x00000152c3fec710 code [0x00000152c3fec8e0, 0x00000152c3fecb20]
Event: 1529.783 Thread 0x00000152be83dfa0 18556   !   4       java.io.ObjectOutputStream::defaultWriteFields (288 bytes)
Event: 1529.783 Thread 0x00000152be84a290 18555       3       java.io.ObjectOutputStream$BlockDataOutputStream::writeFloat (46 bytes)
Event: 1529.784 Thread 0x00000152be84a290 nmethod 18555 0x00000152c3fecc90 code [0x00000152c3fecf60, 0x00000152c3fedf68]
Event: 1529.784 Thread 0x00000152be84a290 18554       3       java.lang.invoke.LambdaForm$MH/0x00000152d7918400::invoke (64 bytes)
Event: 1529.785 Thread 0x00000152be84a290 nmethod 18554 0x00000152c3fee510 code [0x00000152c3fee800, 0x00000152c3fefa20]
Event: 1529.786 Thread 0x00000152be84a290 18558       3       org.eclipse.core.internal.resources.SaveManager$$Lambda/0x00000152d78721f0::visitElement (35 bytes)
Event: 1529.786 Thread 0x00000152be84a290 nmethod 18558 0x00000152c3ff0010 code [0x00000152c3ff01c0, 0x00000152c3ff0358]
Event: 1529.786 Thread 0x00000152be84a290 18559   !   3       org.eclipse.core.internal.resources.SaveManager::lambda$11 (132 bytes)
Event: 1529.787 Thread 0x00000152be84a290 nmethod 18559 0x00000152c3ff0410 code [0x00000152c3ff0660, 0x00000152c3ff0e50]
Event: 1529.841 Thread 0x00000152be83dfa0 nmethod 18556 0x00000152ca584c90 code [0x00000152ca5850c0, 0x00000152ca5874b8]
Event: 1529.841 Thread 0x00000152be83dfa0 18557       4       java.io.ObjectOutputStream$BlockDataOutputStream::writeShort (47 bytes)
Event: 1529.845 Thread 0x00000152be83dfa0 nmethod 18557 0x00000152ca589390 code [0x00000152ca589520, 0x00000152ca589668]

GC Heap History (20 events):
Event: 1527.737 GC heap before
{Heap before GC invocations=1384 (full 4):
 PSYoungGen      total 6656K, used 6432K [0x00000000d5580000, 0x00000000d5c80000, 0x0000000100000000)
  eden space 6144K, 100% used [0x00000000d5580000,0x00000000d5b80000,0x00000000d5b80000)
  from space 512K, 56% used [0x00000000d5b80000,0x00000000d5bc8000,0x00000000d5c00000)
  to   space 512K, 0% used [0x00000000d5c00000,0x00000000d5c00000,0x00000000d5c80000)
 ParOldGen       total 446976K, used 446734K [0x0000000080000000, 0x000000009b480000, 0x00000000d5580000)
  object space 446976K, 99% used [0x0000000080000000,0x000000009b443828,0x000000009b480000)
 Metaspace       used 87528K, committed 89280K, reserved 1179648K
  class space    used 9199K, committed 9984K, reserved 1048576K
}
Event: 1527.738 GC heap after
{Heap after GC invocations=1384 (full 4):
 PSYoungGen      total 6656K, used 319K [0x00000000d5580000, 0x00000000d5c80000, 0x0000000100000000)
  eden space 6144K, 0% used [0x00000000d5580000,0x00000000d5580000,0x00000000d5b80000)
  from space 512K, 62% used [0x00000000d5c00000,0x00000000d5c4fd78,0x00000000d5c80000)
  to   space 512K, 0% used [0x00000000d5b80000,0x00000000d5b80000,0x00000000d5c00000)
 ParOldGen       total 446976K, used 446806K [0x0000000080000000, 0x000000009b480000, 0x00000000d5580000)
  object space 446976K, 99% used [0x0000000080000000,0x000000009b455828,0x000000009b480000)
 Metaspace       used 87528K, committed 89280K, reserved 1179648K
  class space    used 9199K, committed 9984K, reserved 1048576K
}
Event: 1527.747 GC heap before
{Heap before GC invocations=1385 (full 4):
 PSYoungGen      total 6656K, used 6463K [0x00000000d5580000, 0x00000000d5c80000, 0x0000000100000000)
  eden space 6144K, 100% used [0x00000000d5580000,0x00000000d5b80000,0x00000000d5b80000)
  from space 512K, 62% used [0x00000000d5c00000,0x00000000d5c4fd78,0x00000000d5c80000)
  to   space 512K, 0% used [0x00000000d5b80000,0x00000000d5b80000,0x00000000d5c00000)
 ParOldGen       total 446976K, used 446806K [0x0000000080000000, 0x000000009b480000, 0x00000000d5580000)
  object space 446976K, 99% used [0x0000000080000000,0x000000009b455828,0x000000009b480000)
 Metaspace       used 87528K, committed 89280K, reserved 1179648K
  class space    used 9199K, committed 9984K, reserved 1048576K
}
Event: 1527.749 GC heap after
{Heap after GC invocations=1385 (full 4):
 PSYoungGen      total 6656K, used 333K [0x00000000d5580000, 0x00000000d5c80000, 0x0000000100000000)
  eden space 6144K, 0% used [0x00000000d5580000,0x00000000d5580000,0x00000000d5b80000)
  from space 512K, 65% used [0x00000000d5b80000,0x00000000d5bd34e0,0x00000000d5c00000)
  to   space 512K, 0% used [0x00000000d5c00000,0x00000000d5c00000,0x00000000d5c80000)
 ParOldGen       total 446976K, used 446862K [0x0000000080000000, 0x000000009b480000, 0x00000000d5580000)
  object space 446976K, 99% used [0x0000000080000000,0x000000009b463828,0x000000009b480000)
 Metaspace       used 87528K, committed 89280K, reserved 1179648K
  class space    used 9199K, committed 9984K, reserved 1048576K
}
Event: 1527.759 GC heap before
{Heap before GC invocations=1386 (full 4):
 PSYoungGen      total 6656K, used 6477K [0x00000000d5580000, 0x00000000d5c80000, 0x0000000100000000)
  eden space 6144K, 100% used [0x00000000d5580000,0x00000000d5b80000,0x00000000d5b80000)
  from space 512K, 65% used [0x00000000d5b80000,0x00000000d5bd34e0,0x00000000d5c00000)
  to   space 512K, 0% used [0x00000000d5c00000,0x00000000d5c00000,0x00000000d5c80000)
 ParOldGen       total 446976K, used 446862K [0x0000000080000000, 0x000000009b480000, 0x00000000d5580000)
  object space 446976K, 99% used [0x0000000080000000,0x000000009b463828,0x000000009b480000)
 Metaspace       used 87528K, committed 89280K, reserved 1179648K
  class space    used 9199K, committed 9984K, reserved 1048576K
}
Event: 1527.760 GC heap after
{Heap after GC invocations=1386 (full 4):
 PSYoungGen      total 6656K, used 328K [0x00000000d5580000, 0x00000000d5c80000, 0x0000000100000000)
  eden space 6144K, 0% used [0x00000000d5580000,0x00000000d5580000,0x00000000d5b80000)
  from space 512K, 64% used [0x00000000d5c00000,0x00000000d5c521c0,0x00000000d5c80000)
  to   space 512K, 0% used [0x00000000d5b80000,0x00000000d5b80000,0x00000000d5c00000)
 ParOldGen       total 446976K, used 446894K [0x0000000080000000, 0x000000009b480000, 0x00000000d5580000)
  object space 446976K, 99% used [0x0000000080000000,0x000000009b46b828,0x000000009b480000)
 Metaspace       used 87528K, committed 89280K, reserved 1179648K
  class space    used 9199K, committed 9984K, reserved 1048576K
}
Event: 1527.769 GC heap before
{Heap before GC invocations=1387 (full 4):
 PSYoungGen      total 6656K, used 6472K [0x00000000d5580000, 0x00000000d5c80000, 0x0000000100000000)
  eden space 6144K, 100% used [0x00000000d5580000,0x00000000d5b80000,0x00000000d5b80000)
  from space 512K, 64% used [0x00000000d5c00000,0x00000000d5c521c0,0x00000000d5c80000)
  to   space 512K, 0% used [0x00000000d5b80000,0x00000000d5b80000,0x00000000d5c00000)
 ParOldGen       total 446976K, used 446894K [0x0000000080000000, 0x000000009b480000, 0x00000000d5580000)
  object space 446976K, 99% used [0x0000000080000000,0x000000009b46b828,0x000000009b480000)
 Metaspace       used 87528K, committed 89280K, reserved 1179648K
  class space    used 9199K, committed 9984K, reserved 1048576K
}
Event: 1527.772 GC heap after
{Heap after GC invocations=1387 (full 4):
 PSYoungGen      total 6656K, used 459K [0x00000000d5580000, 0x00000000d5c80000, 0x0000000100000000)
  eden space 6144K, 0% used [0x00000000d5580000,0x00000000d5580000,0x00000000d5b80000)
  from space 512K, 89% used [0x00000000d5b80000,0x00000000d5bf2f40,0x00000000d5c00000)
  to   space 512K, 0% used [0x00000000d5c00000,0x00000000d5c00000,0x00000000d5c80000)
 ParOldGen       total 448000K, used 447758K [0x0000000080000000, 0x000000009b580000, 0x00000000d5580000)
  object space 448000K, 99% used [0x0000000080000000,0x000000009b543828,0x000000009b580000)
 Metaspace       used 87528K, committed 89280K, reserved 1179648K
  class space    used 9199K, committed 9984K, reserved 1048576K
}
Event: 1527.782 GC heap before
{Heap before GC invocations=1388 (full 4):
 PSYoungGen      total 6656K, used 6603K [0x00000000d5580000, 0x00000000d5c80000, 0x0000000100000000)
  eden space 6144K, 100% used [0x00000000d5580000,0x00000000d5b80000,0x00000000d5b80000)
  from space 512K, 89% used [0x00000000d5b80000,0x00000000d5bf2f40,0x00000000d5c00000)
  to   space 512K, 0% used [0x00000000d5c00000,0x00000000d5c00000,0x00000000d5c80000)
 ParOldGen       total 448000K, used 447758K [0x0000000080000000, 0x000000009b580000, 0x00000000d5580000)
  object space 448000K, 99% used [0x0000000080000000,0x000000009b543828,0x000000009b580000)
 Metaspace       used 87528K, committed 89280K, reserved 1179648K
  class space    used 9199K, committed 9984K, reserved 1048576K
}
Event: 1527.783 GC heap after
{Heap after GC invocations=1388 (full 4):
 PSYoungGen      total 6656K, used 353K [0x00000000d5580000, 0x00000000d5c80000, 0x0000000100000000)
  eden space 6144K, 0% used [0x00000000d5580000,0x00000000d5580000,0x00000000d5b80000)
  from space 512K, 69% used [0x00000000d5c00000,0x00000000d5c58648,0x00000000d5c80000)
  to   space 512K, 0% used [0x00000000d5b80000,0x00000000d5b80000,0x00000000d5c00000)
 ParOldGen       total 448000K, used 447878K [0x0000000080000000, 0x000000009b580000, 0x00000000d5580000)
  object space 448000K, 99% used [0x0000000080000000,0x000000009b561828,0x000000009b580000)
 Metaspace       used 87528K, committed 89280K, reserved 1179648K
  class space    used 9199K, committed 9984K, reserved 1048576K
}
Event: 1527.803 GC heap before
{Heap before GC invocations=1389 (full 4):
 PSYoungGen      total 6656K, used 6497K [0x00000000d5580000, 0x00000000d5c80000, 0x0000000100000000)
  eden space 6144K, 100% used [0x00000000d5580000,0x00000000d5b80000,0x00000000d5b80000)
  from space 512K, 69% used [0x00000000d5c00000,0x00000000d5c58648,0x00000000d5c80000)
  to   space 512K, 0% used [0x00000000d5b80000,0x00000000d5b80000,0x00000000d5c00000)
 ParOldGen       total 448000K, used 447878K [0x0000000080000000, 0x000000009b580000, 0x00000000d5580000)
  object space 448000K, 99% used [0x0000000080000000,0x000000009b561828,0x000000009b580000)
 Metaspace       used 87528K, committed 89280K, reserved 1179648K
  class space    used 9199K, committed 9984K, reserved 1048576K
}
Event: 1527.804 GC heap after
{Heap after GC invocations=1389 (full 4):
 PSYoungGen      total 6656K, used 320K [0x00000000d5580000, 0x00000000d5c80000, 0x0000000100000000)
  eden space 6144K, 0% used [0x00000000d5580000,0x00000000d5580000,0x00000000d5b80000)
  from space 512K, 62% used [0x00000000d5b80000,0x00000000d5bd0000,0x00000000d5c00000)
  to   space 512K, 0% used [0x00000000d5c00000,0x00000000d5c00000,0x00000000d5c80000)
 ParOldGen       total 448512K, used 448046K [0x0000000080000000, 0x000000009b600000, 0x00000000d5580000)
  object space 448512K, 99% used [0x0000000080000000,0x000000009b58b828,0x000000009b600000)
 Metaspace       used 87528K, committed 89280K, reserved 1179648K
  class space    used 9199K, committed 9984K, reserved 1048576K
}
Event: 1527.823 GC heap before
{Heap before GC invocations=1390 (full 4):
 PSYoungGen      total 6656K, used 6436K [0x00000000d5580000, 0x00000000d5c80000, 0x0000000100000000)
  eden space 6144K, 99% used [0x00000000d5580000,0x00000000d5b793f0,0x00000000d5b80000)
  from space 512K, 62% used [0x00000000d5b80000,0x00000000d5bd0000,0x00000000d5c00000)
  to   space 512K, 0% used [0x00000000d5c00000,0x00000000d5c00000,0x00000000d5c80000)
 ParOldGen       total 448512K, used 448046K [0x0000000080000000, 0x000000009b600000, 0x00000000d5580000)
  object space 448512K, 99% used [0x0000000080000000,0x000000009b58b828,0x000000009b600000)
 Metaspace       used 87528K, committed 89280K, reserved 1179648K
  class space    used 9199K, committed 9984K, reserved 1048576K
}
Event: 1527.825 GC heap after
{Heap after GC invocations=1390 (full 4):
 PSYoungGen      total 6656K, used 320K [0x00000000d5580000, 0x00000000d5c80000, 0x0000000100000000)
  eden space 6144K, 0% used [0x00000000d5580000,0x00000000d5580000,0x00000000d5b80000)
  from space 512K, 62% used [0x00000000d5c00000,0x00000000d5c50000,0x00000000d5c80000)
  to   space 512K, 0% used [0x00000000d5b80000,0x00000000d5b80000,0x00000000d5c00000)
 ParOldGen       total 448512K, used 448206K [0x0000000080000000, 0x000000009b600000, 0x00000000d5580000)
  object space 448512K, 99% used [0x0000000080000000,0x000000009b5b3828,0x000000009b600000)
 Metaspace       used 87528K, committed 89280K, reserved 1179648K
  class space    used 9199K, committed 9984K, reserved 1048576K
}
Event: 1527.840 GC heap before
{Heap before GC invocations=1391 (full 4):
 PSYoungGen      total 6656K, used 6464K [0x00000000d5580000, 0x00000000d5c80000, 0x0000000100000000)
  eden space 6144K, 100% used [0x00000000d5580000,0x00000000d5b80000,0x00000000d5b80000)
  from space 512K, 62% used [0x00000000d5c00000,0x00000000d5c50000,0x00000000d5c80000)
  to   space 512K, 0% used [0x00000000d5b80000,0x00000000d5b80000,0x00000000d5c00000)
 ParOldGen       total 448512K, used 448206K [0x0000000080000000, 0x000000009b600000, 0x00000000d5580000)
  object space 448512K, 99% used [0x0000000080000000,0x000000009b5b3828,0x000000009b600000)
 Metaspace       used 87528K, committed 89280K, reserved 1179648K
  class space    used 9199K, committed 9984K, reserved 1048576K
}
Event: 1527.842 GC heap after
{Heap after GC invocations=1391 (full 4):
 PSYoungGen      total 6656K, used 445K [0x00000000d5580000, 0x00000000d5c80000, 0x0000000100000000)
  eden space 6144K, 0% used [0x00000000d5580000,0x00000000d5580000,0x00000000d5b80000)
  from space 512K, 87% used [0x00000000d5b80000,0x00000000d5bef638,0x00000000d5c00000)
  to   space 512K, 0% used [0x00000000d5c00000,0x00000000d5c00000,0x00000000d5c80000)
 ParOldGen       total 448512K, used 448374K [0x0000000080000000, 0x000000009b600000, 0x00000000d5580000)
  object space 448512K, 99% used [0x0000000080000000,0x000000009b5dd828,0x000000009b600000)
 Metaspace       used 87528K, committed 89280K, reserved 1179648K
  class space    used 9199K, committed 9984K, reserved 1048576K
}
Event: 1527.856 GC heap before
{Heap before GC invocations=1392 (full 4):
 PSYoungGen      total 6656K, used 6589K [0x00000000d5580000, 0x00000000d5c80000, 0x0000000100000000)
  eden space 6144K, 100% used [0x00000000d5580000,0x00000000d5b80000,0x00000000d5b80000)
  from space 512K, 87% used [0x00000000d5b80000,0x00000000d5bef638,0x00000000d5c00000)
  to   space 512K, 0% used [0x00000000d5c00000,0x00000000d5c00000,0x00000000d5c80000)
 ParOldGen       total 448512K, used 448374K [0x0000000080000000, 0x000000009b600000, 0x00000000d5580000)
  object space 448512K, 99% used [0x0000000080000000,0x000000009b5dd828,0x000000009b600000)
 Metaspace       used 87528K, committed 89280K, reserved 1179648K
  class space    used 9199K, committed 9984K, reserved 1048576K
}
Event: 1527.857 GC heap after
{Heap after GC invocations=1392 (full 4):
 PSYoungGen      total 6656K, used 351K [0x00000000d5580000, 0x00000000d5c80000, 0x0000000100000000)
  eden space 6144K, 0% used [0x00000000d5580000,0x00000000d5580000,0x00000000d5b80000)
  from space 512K, 68% used [0x00000000d5c00000,0x00000000d5c57f70,0x00000000d5c80000)
  to   space 512K, 0% used [0x00000000d5b80000,0x00000000d5b80000,0x00000000d5c00000)
 ParOldGen       total 448512K, used 448510K [0x0000000080000000, 0x000000009b600000, 0x00000000d5580000)
  object space 448512K, 99% used [0x0000000080000000,0x000000009b5ff828,0x000000009b600000)
 Metaspace       used 87528K, committed 89280K, reserved 1179648K
  class space    used 9199K, committed 9984K, reserved 1048576K
}
Event: 1527.881 GC heap before
{Heap before GC invocations=1393 (full 4):
 PSYoungGen      total 6656K, used 6450K [0x00000000d5580000, 0x00000000d5c80000, 0x0000000100000000)
  eden space 6144K, 99% used [0x00000000d5580000,0x00000000d5b74bf8,0x00000000d5b80000)
  from space 512K, 68% used [0x00000000d5c00000,0x00000000d5c57f70,0x00000000d5c80000)
  to   space 512K, 0% used [0x00000000d5b80000,0x00000000d5b80000,0x00000000d5c00000)
 ParOldGen       total 448512K, used 448510K [0x0000000080000000, 0x000000009b600000, 0x00000000d5580000)
  object space 448512K, 99% used [0x0000000080000000,0x000000009b5ff828,0x000000009b600000)
 Metaspace       used 87570K, committed 89280K, reserved 1179648K
  class space    used 9201K, committed 9984K, reserved 1048576K
}
Event: 1527.884 GC heap after
{Heap after GC invocations=1393 (full 4):
 PSYoungGen      total 6656K, used 308K [0x00000000d5580000, 0x00000000d5c80000, 0x0000000100000000)
  eden space 6144K, 0% used [0x00000000d5580000,0x00000000d5580000,0x00000000d5b80000)
  from space 512K, 60% used [0x00000000d5b80000,0x00000000d5bcd200,0x00000000d5c00000)
  to   space 512K, 0% used [0x00000000d5c00000,0x00000000d5c00000,0x00000000d5c80000)
 ParOldGen       total 449024K, used 448582K [0x0000000080000000, 0x000000009b680000, 0x00000000d5580000)
  object space 449024K, 99% used [0x0000000080000000,0x000000009b611828,0x000000009b680000)
 Metaspace       used 87570K, committed 89280K, reserved 1179648K
  class space    used 9201K, committed 9984K, reserved 1048576K
}

Dll operation events (14 events):
Event: 0.017 Loaded shared library c:\Users\rupik\.vscode\extensions\redhat.java-1.52.0-win32-x64\jre\21.0.9-win32-x86_64\bin\java.dll
Event: 0.152 Loaded shared library c:\Users\rupik\.vscode\extensions\redhat.java-1.52.0-win32-x64\jre\21.0.9-win32-x86_64\bin\zip.dll
Event: 0.191 Loaded shared library C:\Users\rupik\.vscode\extensions\redhat.java-1.52.0-win32-x64\jre\21.0.9-win32-x86_64\bin\instrument.dll
Event: 0.204 Loaded shared library C:\Users\rupik\.vscode\extensions\redhat.java-1.52.0-win32-x64\jre\21.0.9-win32-x86_64\bin\net.dll
Event: 0.210 Loaded shared library C:\Users\rupik\.vscode\extensions\redhat.java-1.52.0-win32-x64\jre\21.0.9-win32-x86_64\bin\nio.dll
Event: 0.223 Loaded shared library C:\Users\rupik\.vscode\extensions\redhat.java-1.52.0-win32-x64\jre\21.0.9-win32-x86_64\bin\zip.dll
Event: 0.263 Loaded shared library C:\Users\rupik\.vscode\extensions\redhat.java-1.52.0-win32-x64\jre\21.0.9-win32-x86_64\bin\jimage.dll
Event: 0.478 Loaded shared library c:\Users\rupik\.vscode\extensions\redhat.java-1.52.0-win32-x64\jre\21.0.9-win32-x86_64\bin\verify.dll
Event: 2.664 Loaded shared library C:\Users\rupik\AppData\Roaming\Code\User\globalStorage\redhat.java\1.52.0\config_win\org.eclipse.equinox.launcher\org.eclipse.equinox.launcher.win32.win32.x86_64_1.2.1500.v20260121-1430\eclipse_11919.dll
Event: 5.173 Loaded shared library C:\Users\rupik\AppData\Local\Temp\jna-378689187\jna1396758224364991890.dll
Event: 52.478 Loaded shared library C:\Users\rupik\.vscode\extensions\redhat.java-1.52.0-win32-x64\jre\21.0.9-win32-x86_64\bin\sunmscapi.dll
Event: 52.889 Loaded shared library C:\Users\rupik\.vscode\extensions\redhat.java-1.52.0-win32-x64\jre\21.0.9-win32-x86_64\bin\extnet.dll
Event: 988.224 Loaded shared library C:\Users\rupik\.vscode\extensions\redhat.java-1.52.0-win32-x64\jre\21.0.9-win32-x86_64\bin\management.dll
Event: 988.232 Loaded shared library C:\Users\rupik\.vscode\extensions\redhat.java-1.52.0-win32-x64\jre\21.0.9-win32-x86_64\bin\management_ext.dll

Deoptimization events (20 events):
Event: 1326.089 Thread 0x000001531d503730 DEOPT PACKING pc=0x00000152c3fa7d5f sp=0x0000003c3b5fee00
Event: 1326.089 Thread 0x000001531d503730 DEOPT UNPACKING pc=0x00000152c8f14242 sp=0x0000003c3b5fe370 mode 0
Event: 1326.092 Thread 0x000001531d503730 DEOPT PACKING pc=0x00000152c3f9fa9c sp=0x0000003c3b5feb60
Event: 1326.092 Thread 0x000001531d503730 DEOPT UNPACKING pc=0x00000152c8f14242 sp=0x0000003c3b5fe110 mode 0
Event: 1326.125 Thread 0x000001531d503730 DEOPT PACKING pc=0x00000152c3fa7d5f sp=0x0000003c3b5fee00
Event: 1326.126 Thread 0x000001531d503730 DEOPT UNPACKING pc=0x00000152c8f14242 sp=0x0000003c3b5fe370 mode 0
Event: 1326.128 Thread 0x000001531d503730 DEOPT PACKING pc=0x00000152c3f9fa9c sp=0x0000003c3b5feb60
Event: 1326.128 Thread 0x000001531d503730 DEOPT UNPACKING pc=0x00000152c8f14242 sp=0x0000003c3b5fe110 mode 0
Event: 1326.161 Thread 0x000001531d503730 DEOPT PACKING pc=0x00000152c3f9fa9c sp=0x0000003c3b5feb60
Event: 1326.161 Thread 0x000001531d503730 DEOPT UNPACKING pc=0x00000152c8f14242 sp=0x0000003c3b5fe110 mode 0
Event: 1326.186 Thread 0x000001531d503730 DEOPT PACKING pc=0x00000152c3f9fa9c sp=0x0000003c3b5feb60
Event: 1326.186 Thread 0x000001531d503730 DEOPT UNPACKING pc=0x00000152c8f14242 sp=0x0000003c3b5fe110 mode 0
Event: 1527.374 Thread 0x00000153216ea130 Uncommon trap: trap_request=0xffffff76 fr.pc=0x00000152ca5785d8 relative=0x00000000000001b8
Event: 1527.374 Thread 0x00000153216ea130 Uncommon trap: reason=predicate action=maybe_recompile pc=0x00000152ca5785d8 method=java.util.LinkedHashMap.keysToArray([Ljava/lang/Object;Z)[Ljava/lang/Object; @ 53 c2
Event: 1527.374 Thread 0x00000153216ea130 DEOPT PACKING pc=0x00000152ca5785d8 sp=0x0000003c3cafe350
Event: 1527.374 Thread 0x00000153216ea130 DEOPT UNPACKING pc=0x00000152c8f13aa2 sp=0x0000003c3cafe2e0 mode 2
Event: 1527.870 Thread 0x00000153216ea130 Uncommon trap: trap_request=0xffffffd6 fr.pc=0x00000152ca3d1e6c relative=0x000000000000014c
Event: 1527.870 Thread 0x00000153216ea130 Uncommon trap: reason=array_check action=maybe_recompile pc=0x00000152ca3d1e6c method=java.util.Arrays.fill([Ljava/lang/Object;Ljava/lang/Object;)V @ 13 c2
Event: 1527.870 Thread 0x00000153216ea130 DEOPT PACKING pc=0x00000152ca3d1e6c sp=0x0000003c3cafde90
Event: 1527.870 Thread 0x00000153216ea130 DEOPT UNPACKING pc=0x00000152c8f13aa2 sp=0x0000003c3cafde30 mode 2

Classes loaded (20 events):
Event: 988.314 Loading class java/nio/BufferUnderflowException
Event: 988.314 Loading class java/nio/BufferUnderflowException done
Event: 988.767 Loading class java/util/zip/CheckedOutputStream
Event: 988.767 Loading class java/util/zip/CheckedOutputStream done
Event: 989.239 Loading class sun/nio/cs/UTF_32BE
Event: 989.239 Loading class sun/nio/cs/UTF_32BE done
Event: 989.240 Loading class sun/nio/cs/UTF_32LE
Event: 989.240 Loading class sun/nio/cs/UTF_32LE done
Event: 989.268 Loading class javax/net/ssl/HandshakeCompletedListener
Event: 989.269 Loading class javax/net/ssl/HandshakeCompletedListener done
Event: 989.269 Loading class sun/security/ssl/SSLContextImpl$TLSContext
Event: 989.269 Loading class sun/security/ssl/SSLContextImpl$TLSContext done
Event: 989.269 Loading class sun/security/ssl/DummyX509KeyManager
Event: 989.271 Loading class sun/security/ssl/DummyX509KeyManager done
Event: 989.351 Loading class java/util/EnumMap$Values
Event: 989.352 Loading class java/util/EnumMap$Values done
Event: 989.352 Loading class java/util/EnumMap$ValueIterator
Event: 989.352 Loading class java/util/EnumMap$EnumMapIterator
Event: 989.352 Loading class java/util/EnumMap$EnumMapIterator done
Event: 989.352 Loading class java/util/EnumMap$ValueIterator done

Classes unloaded (20 events):
Event: 404.782 Thread 0x00000152bc3e0c10 Unloading class 0x00000152d7712dd0 'org/codehaus/plexus/interpolation/ValueSource'
Event: 404.782 Thread 0x00000152bc3e0c10 Unloading class 0x00000152d7713400 'org/apache/maven/shared/filtering/MavenResourcesExecution'
Event: 404.782 Thread 0x00000152bc3e0c10 Unloading class 0x00000152d7713a60 'org/apache/maven/shared/filtering/AbstractMavenFilteringRequest'
Event: 404.782 Thread 0x00000152bc3e0c10 Unloading class 0x00000152d7713800 'org/apache/maven/shared/filtering/MavenFilteringException'
Event: 404.782 Thread 0x00000152bc3e0c10 Unloading class 0x00000152d7712b80 'org/apache/maven/shared/filtering/DefaultMavenResourcesFiltering'
Event: 404.782 Thread 0x00000152bc3e0c10 Unloading class 0x00000152d7712980 'org/apache/maven/shared/filtering/MavenResourcesFiltering'
Event: 404.782 Thread 0x00000152bc3e0c10 Unloading class 0x00000152d77126f0 'org/apache/maven/shared/filtering/DefaultMavenReaderFilter'
Event: 404.782 Thread 0x00000152bc3e0c10 Unloading class 0x00000152d77124f0 'org/apache/maven/shared/filtering/MavenReaderFilter'
Event: 404.782 Thread 0x00000152bc3e0c10 Unloading class 0x00000152d7712250 'org/apache/maven/shared/filtering/DefaultMavenFileFilter'
Event: 404.782 Thread 0x00000152bc3e0c10 Unloading class 0x00000152d7712000 'org/apache/maven/shared/filtering/BaseFilter'
Event: 404.782 Thread 0x00000152bc3e0c10 Unloading class 0x00000152d7711db8 'org/apache/maven/shared/filtering/MavenFileFilter'
Event: 404.782 Thread 0x00000152bc3e0c10 Unloading class 0x00000152d7711bb8 'org/apache/maven/shared/filtering/DefaultFilterInfo'
Event: 404.782 Thread 0x00000152bc3e0c10 Unloading class 0x00000152d77118a8 'org/apache/maven/plugins/resources/TestResourcesMojo'
Event: 404.782 Thread 0x00000152bc3e0c10 Unloading class 0x00000152d7711620 'org/apache/maven/plugins/maven_resources_plugin/HelpMojo'
Event: 404.782 Thread 0x00000152bc3e0c10 Unloading class 0x00000152d7711310 'org/apache/maven/plugins/resources/CopyResourcesMojo'
Event: 404.782 Thread 0x00000152bc3e0c10 Unloading class 0x00000152d7711000 'org/apache/maven/plugins/resources/ResourcesMojo'
Event: 404.782 Thread 0x00000152bc3e0c10 Unloading class 0x00000152d76d5400 'java/lang/invoke/LambdaForm$DMH+0x00000152d76d5400'
Event: 404.782 Thread 0x00000152bc3e0c10 Unloading class 0x00000152d76d5000 'java/lang/invoke/LambdaForm$DMH+0x00000152d76d5000'
Event: 404.782 Thread 0x00000152bc3e0c10 Unloading class 0x00000152d76d4800 'java/lang/invoke/LambdaForm$DMH+0x00000152d76d4800'
Event: 404.782 Thread 0x00000152bc3e0c10 Unloading class 0x00000152d76d4c00 'java/lang/invoke/LambdaForm$DMH+0x00000152d76d4c00'

Classes redefined (0 events):
No events

Internal exceptions (20 events):
Event: 1326.307 Thread 0x000001531df49f80 Exception <a 'sun/nio/fs/WindowsException'{0x00000000d56e63f0}> (0x00000000d56e63f0) 
thrown [s\src\hotspot\share\prims\jni.cpp, line 520]
Event: 1326.307 Thread 0x000001531df49f80 Exception <a 'sun/nio/fs/WindowsException'{0x00000000d56e6ed8}> (0x00000000d56e6ed8) 
thrown [s\src\hotspot\share\prims\jni.cpp, line 520]
Event: 1326.307 Thread 0x000001531df49f80 Exception <a 'sun/nio/fs/WindowsException'{0x00000000d56e8de8}> (0x00000000d56e8de8) 
thrown [s\src\hotspot\share\prims\jni.cpp, line 520]
Event: 1326.307 Thread 0x000001531df49f80 Exception <a 'sun/nio/fs/WindowsException'{0x00000000d56e98d0}> (0x00000000d56e98d0) 
thrown [s\src\hotspot\share\prims\jni.cpp, line 520]
Event: 1326.307 Thread 0x000001531df49f80 Exception <a 'sun/nio/fs/WindowsException'{0x00000000d56eabd0}> (0x00000000d56eabd0) 
thrown [s\src\hotspot\share\prims\jni.cpp, line 520]
Event: 1326.307 Thread 0x000001531df49f80 Exception <a 'sun/nio/fs/WindowsException'{0x00000000d56eb498}> (0x00000000d56eb498) 
thrown [s\src\hotspot\share\prims\jni.cpp, line 520]
Event: 1326.307 Thread 0x000001531df49f80 Exception <a 'sun/nio/fs/WindowsException'{0x00000000d56ec7a8}> (0x00000000d56ec7a8) 
thrown [s\src\hotspot\share\prims\jni.cpp, line 520]
Event: 1326.307 Thread 0x000001531df49f80 Exception <a 'sun/nio/fs/WindowsException'{0x00000000d56ed4d0}> (0x00000000d56ed4d0) 
thrown [s\src\hotspot\share\prims\jni.cpp, line 520]
Event: 1326.310 Thread 0x000001531df49f80 Exception <a 'sun/nio/fs/WindowsException'{0x00000000d558b560}> (0x00000000d558b560) 
thrown [s\src\hotspot\share\prims\jni.cpp, line 520]
Event: 1326.310 Thread 0x000001531df49f80 Exception <a 'sun/nio/fs/WindowsException'{0x00000000d558c048}> (0x00000000d558c048) 
thrown [s\src\hotspot\share\prims\jni.cpp, line 520]
Event: 1326.310 Thread 0x000001531df49f80 Exception <a 'sun/nio/fs/WindowsException'{0x00000000d558d588}> (0x00000000d558d588) 
thrown [s\src\hotspot\share\prims\jni.cpp, line 520]
Event: 1326.310 Thread 0x000001531df49f80 Exception <a 'sun/nio/fs/WindowsException'{0x00000000d558de50}> (0x00000000d558de50) 
thrown [s\src\hotspot\share\prims\jni.cpp, line 520]
Event: 1326.310 Thread 0x000001531df49f80 Exception <a 'sun/nio/fs/WindowsException'{0x00000000d558f160}> (0x00000000d558f160) 
thrown [s\src\hotspot\share\prims\jni.cpp, line 520]
Event: 1326.310 Thread 0x000001531df49f80 Exception <a 'sun/nio/fs/WindowsException'{0x00000000d558fe90}> (0x00000000d558fe90) 
thrown [s\src\hotspot\share\prims\jni.cpp, line 520]
Event: 1326.310 Thread 0x000001531df49f80 Exception <a 'sun/nio/fs/WindowsException'{0x00000000d55910c8}> (0x00000000d55910c8) 
thrown [s\src\hotspot\share\prims\jni.cpp, line 520]
Event: 1326.310 Thread 0x000001531df49f80 Exception <a 'sun/nio/fs/WindowsException'{0x00000000d5591bb0}> (0x00000000d5591bb0) 
thrown [s\src\hotspot\share\prims\jni.cpp, line 520]
Event: 1326.310 Thread 0x000001531df49f80 Exception <a 'sun/nio/fs/WindowsException'{0x00000000d5593100}> (0x00000000d5593100) 
thrown [s\src\hotspot\share\prims\jni.cpp, line 520]
Event: 1326.310 Thread 0x000001531df49f80 Exception <a 'sun/nio/fs/WindowsException'{0x00000000d55939c8}> (0x00000000d55939c8) 
thrown [s\src\hotspot\share\prims\jni.cpp, line 520]
Event: 1529.780 Thread 0x00000153216e9aa0 Exception <a 'sun/nio/fs/WindowsException'{0x00000000d56f0b00}> (0x00000000d56f0b00) 
thrown [s\src\hotspot\share\prims\jni.cpp, line 520]
Event: 1529.780 Thread 0x00000153216e9aa0 Exception <a 'sun/nio/fs/WindowsException'{0x00000000d56f1b90}> (0x00000000d56f1b90) 
thrown [s\src\hotspot\share\prims\jni.cpp, line 520]

ZGC Phase Switch (0 events):
No events

VM Operations (20 events):
Event: 1527.840 Executing VM operation: ParallelGCFailedAllocation (Allocation Failure)
Event: 1527.842 Executing VM operation: ParallelGCFailedAllocation (Allocation Failure) done
Event: 1527.856 Executing VM operation: ParallelGCFailedAllocation (Allocation Failure)
Event: 1527.858 Executing VM operation: ParallelGCFailedAllocation (Allocation Failure) done
Event: 1527.881 Executing VM operation: ParallelGCFailedAllocation (Allocation Failure)
Event: 1527.884 Executing VM operation: ParallelGCFailedAllocation (Allocation Failure) done
Event: 1527.894 Executing VM operation: HandshakeAllThreads (Deoptimize)
Event: 1527.894 Executing VM operation: HandshakeAllThreads (Deoptimize) done
Event: 1528.900 Executing VM operation: Cleanup
Event: 1528.900 Executing VM operation: Cleanup done
Event: 1529.908 Executing VM operation: Cleanup
Event: 1529.908 Executing VM operation: Cleanup done
Event: 1563.150 Executing VM operation: HandshakeAllThreads (HandshakeForDeflation)
Event: 1563.150 Executing VM operation: HandshakeAllThreads (HandshakeForDeflation) done
Event: 1563.150 Executing VM operation: RendezvousGCThreads
Event: 1563.150 Executing VM operation: RendezvousGCThreads done
Event: 1623.356 Executing VM operation: HandshakeAllThreads (HandshakeForDeflation)
Event: 1623.356 Executing VM operation: HandshakeAllThreads (HandshakeForDeflation) done
Event: 1623.356 Executing VM operation: RendezvousGCThreads
Event: 1623.356 Executing VM operation: RendezvousGCThreads done

Memory protections (0 events):
No events

Nmethod flushes (20 events):
Event: 404.806 Thread 0x00000152bc3e0c10 flushing  nmethod 0x00000152c29d4390
Event: 404.806 Thread 0x00000152bc3e0c10 flushing  nmethod 0x00000152c29d4b90
Event: 404.806 Thread 0x00000152bc3e0c10 flushing  nmethod 0x00000152c29de190
Event: 404.806 Thread 0x00000152bc3e0c10 flushing  nmethod 0x00000152c29df410
Event: 404.806 Thread 0x00000152bc3e0c10 flushing  nmethod 0x00000152c29e4d10
Event: 404.806 Thread 0x00000152bc3e0c10 flushing  nmethod 0x00000152c29e8090
Event: 404.806 Thread 0x00000152bc3e0c10 flushing  nmethod 0x00000152c29f4010
Event: 404.806 Thread 0x00000152bc3e0c10 flushing  nmethod 0x00000152c29f8590
Event: 404.806 Thread 0x00000152bc3e0c10 flushing  nmethod 0x00000152c29fbd90
Event: 404.806 Thread 0x00000152bc3e0c10 flushing  nmethod 0x00000152c2a06790
Event: 404.806 Thread 0x00000152bc3e0c10 flushing  nmethod 0x00000152c2a0dc10
Event: 404.806 Thread 0x00000152bc3e0c10 flushing  nmethod 0x00000152c2a1b390
Event: 404.806 Thread 0x00000152bc3e0c10 flushing  nmethod 0x00000152c2a1b890
Event: 404.806 Thread 0x00000152bc3e0c10 flushing  nmethod 0x00000152c2a2e410
Event: 404.806 Thread 0x00000152bc3e0c10 flushing  nmethod 0x00000152c2a5fb10
Event: 404.806 Thread 0x00000152bc3e0c10 flushing  nmethod 0x00000152c2a63d10
Event: 404.806 Thread 0x00000152bc3e0c10 flushing  nmethod 0x00000152c2ea3b90
Event: 404.806 Thread 0x00000152bc3e0c10 flushing  nmethod 0x00000152c2ea5e90
Event: 404.806 Thread 0x00000152bc3e0c10 flushing  nmethod 0x00000152c3563110
Event: 404.806 Thread 0x00000152bc3e0c10 flushing  nmethod 0x00000152c3567890

Events (20 events):
Event: 1326.197 Thread 0x000001531df501f0 Thread added: 0x000001531df49f80
Event: 1326.355 Thread 0x000001531faf4c50 Thread exited: 0x000001531faf4c50
Event: 1326.512 Thread 0x000001531faf3eb0 Thread exited: 0x000001531faf3eb0
Event: 1376.462 Thread 0x00000153216e8060 Thread exited: 0x00000153216e8060
Event: 1386.411 Thread 0x000001531df49f80 Thread exited: 0x000001531df49f80
Event: 1399.559 Thread 0x00000153216e6620 Thread exited: 0x00000153216e6620
Event: 1399.559 Thread 0x00000153216e5900 Thread exited: 0x00000153216e5900
Event: 1401.010 Thread 0x00000153216e5f90 Thread exited: 0x00000153216e5f90
Event: 1436.473 Thread 0x00000153216e7340 Thread exited: 0x00000153216e7340
Event: 1446.428 Thread 0x00000153216e86f0 Thread exited: 0x00000153216e86f0
Event: 1496.475 Thread 0x00000153216ebb70 Thread exited: 0x00000153216ebb70
Event: 1506.443 Thread 0x000001531df501f0 Thread exited: 0x000001531df501f0
Event: 1529.778 Thread 0x00000153216e9aa0 Thread added: 0x000001531df4b9c0
Event: 1529.778 Thread 0x000001531df4b9c0 Thread exited: 0x000001531df4b9c0
Event: 1529.780 Thread 0x00000153216e9aa0 Thread added: 0x000001531df4d400
Event: 1529.781 Thread 0x000001531df4d400 Thread exited: 0x000001531df4d400
Event: 1556.483 Thread 0x00000153216e4be0 Thread exited: 0x00000153216e4be0
Event: 1587.901 Thread 0x00000153216ea130 Thread exited: 0x00000153216ea130
Event: 1616.491 Thread 0x000001531df4f4d0 Thread exited: 0x000001531df4f4d0
Event: 1647.906 Thread 0x00000153216eae50 Thread exited: 0x00000153216eae50


Dynamic libraries:
0x00007ff7b69a0000 - 0x00007ff7b69ae000 	c:\Users\rupik\.vscode\extensions\redhat.java-1.52.0-win32-x64\jre\21.0.9-win32-x86_64\bin\java.exe
0x00007ff804750000 - 0x00007ff804967000 	C:\Windows\SYSTEM32\ntdll.dll
0x00007ff802f00000 - 0x00007ff802fc4000 	C:\Windows\System32\KERNEL32.DLL
0x00007ff801c40000 - 0x00007ff802012000 	C:\Windows\System32\KERNELBASE.dll
0x00007ff802210000 - 0x00007ff802321000 	C:\Windows\System32\ucrtbase.dll
0x00007fffec440000 - 0x00007fffec458000 	c:\Users\rupik\.vscode\extensions\redhat.java-1.52.0-win32-x64\jre\21.0.9-win32-x86_64\bin\jli.dll
0x00007fffe3a90000 - 0x00007fffe3aae000 	c:\Users\rupik\.vscode\extensions\redhat.java-1.52.0-win32-x64\jre\21.0.9-win32-x86_64\bin\VCRUNTIME140.dll
0x00007ff802fd0000 - 0x00007ff803181000 	C:\Windows\System32\USER32.dll
0x00007ff801840000 - 0x00007ff801866000 	C:\Windows\System32\win32u.dll
0x00007fffeffb0000 - 0x00007ffff024b000 	C:\Windows\WinSxS\amd64_microsoft.windows.common-controls_6595b64144ccf1df_6.0.22621.5547_none_27104afb73855772\COMCTL32.dll
0x00007ff8023e0000 - 0x00007ff802409000 	C:\Windows\System32\GDI32.dll
0x00007ff802550000 - 0x00007ff8025f7000 	C:\Windows\System32\msvcrt.dll
0x00007ff801870000 - 0x00007ff801993000 	C:\Windows\System32\gdi32full.dll
0x00007ff8019a0000 - 0x00007ff801a3a000 	C:\Windows\System32\msvcp_win.dll
0x00007ff8024f0000 - 0x00007ff802521000 	C:\Windows\System32\IMM32.DLL
0x00007ffffa000000 - 0x00007ffffa00c000 	c:\Users\rupik\.vscode\extensions\redhat.java-1.52.0-win32-x64\jre\21.0.9-win32-x86_64\bin\vcruntime140_1.dll
0x00007fffb5df0000 - 0x00007fffb5e7d000 	c:\Users\rupik\.vscode\extensions\redhat.java-1.52.0-win32-x64\jre\21.0.9-win32-x86_64\bin\msvcp140.dll
0x00007fff64430000 - 0x00007fff651d0000 	c:\Users\rupik\.vscode\extensions\redhat.java-1.52.0-win32-x64\jre\21.0.9-win32-x86_64\bin\server\jvm.dll
0x00007ff804650000 - 0x00007ff804701000 	C:\Windows\System32\ADVAPI32.dll
0x00007ff8041d0000 - 0x00007ff804278000 	C:\Windows\System32\sechost.dll
0x00007ff802330000 - 0x00007ff802358000 	C:\Windows\System32\bcrypt.dll
0x00007ff802d50000 - 0x00007ff802e64000 	C:\Windows\System32\RPCRT4.dll
0x00007ff802c20000 - 0x00007ff802c91000 	C:\Windows\System32\WS2_32.dll
0x00007ffff7bd0000 - 0x00007ffff7c04000 	C:\Windows\SYSTEM32\WINMM.dll
0x00007ff801710000 - 0x00007ff80175d000 	C:\Windows\SYSTEM32\POWRPROF.dll
0x00007ffff4d00000 - 0x00007ffff4d0a000 	C:\Windows\SYSTEM32\VERSION.dll
0x00007ff8016f0000 - 0x00007ff801703000 	C:\Windows\SYSTEM32\UMPDC.dll
0x00007ff800850000 - 0x00007ff800868000 	C:\Windows\SYSTEM32\kernel.appcore.dll
0x00007ffff6670000 - 0x00007ffff667a000 	c:\Users\rupik\.vscode\extensions\redhat.java-1.52.0-win32-x64\jre\21.0.9-win32-x86_64\bin\jimage.dll
0x00007fffff220000 - 0x00007fffff453000 	C:\Windows\SYSTEM32\DBGHELP.DLL
0x00007ff803250000 - 0x00007ff8035e3000 	C:\Windows\System32\combase.dll
0x00007ff802410000 - 0x00007ff8024e7000 	C:\Windows\System32\OLEAUT32.dll
0x00007ffff3b60000 - 0x00007ffff3b92000 	C:\Windows\SYSTEM32\dbgcore.DLL
0x00007ff802020000 - 0x00007ff80209b000 	C:\Windows\System32\bcryptPrimitives.dll
0x00007fffeecf0000 - 0x00007fffeecff000 	c:\Users\rupik\.vscode\extensions\redhat.java-1.52.0-win32-x64\jre\21.0.9-win32-x86_64\bin\instrument.dll
0x00007fffd97e0000 - 0x00007fffd9800000 	c:\Users\rupik\.vscode\extensions\redhat.java-1.52.0-win32-x64\jre\21.0.9-win32-x86_64\bin\java.dll
0x00007ff803900000 - 0x00007ff8041a2000 	C:\Windows\System32\SHELL32.dll
0x00007ff801a40000 - 0x00007ff801b7f000 	C:\Windows\System32\wintypes.dll
0x00007fffff6d0000 - 0x00007ffffffed000 	C:\Windows\SYSTEM32\windows.storage.dll
0x00007ff802600000 - 0x00007ff80270c000 	C:\Windows\System32\SHCORE.dll
0x00007ff802bb0000 - 0x00007ff802c19000 	C:\Windows\System32\shlwapi.dll
0x00007ff801770000 - 0x00007ff80179b000 	C:\Windows\SYSTEM32\profapi.dll
0x00007fffd9730000 - 0x00007fffd9748000 	c:\Users\rupik\.vscode\extensions\redhat.java-1.52.0-win32-x64\jre\21.0.9-win32-x86_64\bin\zip.dll
0x00007fffedfb0000 - 0x00007fffedfc0000 	C:\Users\rupik\.vscode\extensions\redhat.java-1.52.0-win32-x64\jre\21.0.9-win32-x86_64\bin\net.dll
0x00007ffffaa10000 - 0x00007ffffab3c000 	C:\Windows\SYSTEM32\WINHTTP.dll
0x00007ff800cf0000 - 0x00007ff800d59000 	C:\Windows\system32\mswsock.dll
0x00007fffd8aa0000 - 0x00007fffd8ab6000 	C:\Users\rupik\.vscode\extensions\redhat.java-1.52.0-win32-x64\jre\21.0.9-win32-x86_64\bin\nio.dll
0x00007fffedcb0000 - 0x00007fffedcc0000 	c:\Users\rupik\.vscode\extensions\redhat.java-1.52.0-win32-x64\jre\21.0.9-win32-x86_64\bin\verify.dll
0x00007fffc7c20000 - 0x00007fffc7c65000 	C:\Users\rupik\AppData\Roaming\Code\User\globalStorage\redhat.java\1.52.0\config_win\org.eclipse.equinox.launcher\org.eclipse.equinox.launcher.win32.win32.x86_64_1.2.1500.v20260121-1430\eclipse_11919.dll
0x00007ff8035f0000 - 0x00007ff803790000 	C:\Windows\System32\ole32.dll
0x00007ff800f40000 - 0x00007ff800f5b000 	C:\Windows\SYSTEM32\CRYPTSP.dll
0x00007ff8007a0000 - 0x00007ff8007d7000 	C:\Windows\system32\rsaenh.dll
0x00007ff800de0000 - 0x00007ff800e08000 	C:\Windows\SYSTEM32\USERENV.dll
0x00007ff800f60000 - 0x00007ff800f6c000 	C:\Windows\SYSTEM32\CRYPTBASE.dll
0x00007ff8002a0000 - 0x00007ff8002cd000 	C:\Windows\SYSTEM32\IPHLPAPI.DLL
0x00007ff802540000 - 0x00007ff802549000 	C:\Windows\System32\NSI.dll
0x00007fffc4970000 - 0x00007fffc49b9000 	C:\Users\rupik\AppData\Local\Temp\jna-378689187\jna1396758224364991890.dll
0x00007ff8041c0000 - 0x00007ff8041c8000 	C:\Windows\System32\PSAPI.DLL
0x00007ffff8030000 - 0x00007ffff8049000 	C:\Windows\SYSTEM32\dhcpcsvc6.DLL
0x00007ffff7bb0000 - 0x00007ffff7bcf000 	C:\Windows\SYSTEM32\dhcpcsvc.DLL
0x00007ff800980000 - 0x00007ff8009b4000 	C:\Windows\SYSTEM32\ntmarta.dll
0x00007ffff7b00000 - 0x00007ffff7b0e000 	C:\Users\rupik\.vscode\extensions\redhat.java-1.52.0-win32-x64\jre\21.0.9-win32-x86_64\bin\sunmscapi.dll
0x00007ff8020a0000 - 0x00007ff802207000 	C:\Windows\System32\CRYPT32.dll
0x00007ff801100000 - 0x00007ff80112d000 	C:\Windows\SYSTEM32\ncrypt.dll
0x00007ff8010c0000 - 0x00007ff8010f7000 	C:\Windows\SYSTEM32\NTASN1.dll
0x00007ff800310000 - 0x00007ff800408000 	C:\Windows\SYSTEM32\DNSAPI.dll
0x00007ffffa4b0000 - 0x00007ffffa4ba000 	C:\Windows\System32\rasadhlp.dll
0x00007ffff6730000 - 0x00007ffff67b4000 	C:\Windows\System32\fwpuclnt.dll
0x00007ffff6680000 - 0x00007ffff6689000 	C:\Users\rupik\.vscode\extensions\redhat.java-1.52.0-win32-x64\jre\21.0.9-win32-x86_64\bin\extnet.dll
0x00007ffff3f00000 - 0x00007ffff3f0a000 	C:\Users\rupik\.vscode\extensions\redhat.java-1.52.0-win32-x64\jre\21.0.9-win32-x86_64\bin\management.dll
0x00007ffff3ef0000 - 0x00007ffff3efc000 	C:\Users\rupik\.vscode\extensions\redhat.java-1.52.0-win32-x64\jre\21.0.9-win32-x86_64\bin\management_ext.dll

JVMTI agents:
c:\Users\rupik\.vscode\extensions\redhat.java-1.52.0-win32-x64\lombok\lombok-1.18.39-4050.jar path:c:\Users\rupik\.vscode\extensions\redhat.java-1.52.0-win32-x64\jre\21.0.9-win32-x86_64\bin\instrument.dll, loaded, initialized, instrumentlib options:none

dbghelp: loaded successfully - version: 4.0.5 - missing functions: none
symbol engine: initialized successfully - sym options: 0x614 - pdb path: .;c:\Users\rupik\.vscode\extensions\redhat.java-1.52.0-win32-x64\jre\21.0.9-win32-x86_64\bin;C:\Windows\SYSTEM32;C:\Windows\WinSxS\amd64_microsoft.windows.common-controls_6595b64144ccf1df_6.0.22621.5547_none_27104afb73855772;c:\Users\rupik\.vscode\extensions\redhat.java-1.52.0-win32-x64\jre\21.0.9-win32-x86_64\bin\server;C:\Users\rupik\AppData\Roaming\Code\User\globalStorage\redhat.java\1.52.0\config_win\org.eclipse.equinox.launcher\org.eclipse.equinox.launcher.win32.win32.x86_64_1.2.1500.v20260121-1430;C:\Users\rupik\AppData\Local\Temp\jna-378689187

VM Arguments:
jvm_args: --add-modules=ALL-SYSTEM --add-opens=java.base/java.util=ALL-UNNAMED --add-opens=java.base/java.lang=ALL-UNNAMED --add-opens=java.base/sun.nio.fs=ALL-UNNAMED -Declipse.application=org.eclipse.jdt.ls.core.id1 -Dosgi.bundles.defaultStartLevel=4 -Declipse.product=org.eclipse.jdt.ls.core.product -Djava.import.generatesMetadataFilesAtProjectRoot=false -DDetectVMInstallationsJob.disabled=true -Dfile.encoding=utf8 -XX:+UseParallelGC -XX:GCTimeRatio=4 -XX:AdaptiveSizePolicyWeight=90 -Dsun.zip.disableMemoryMapping=true -Xmx2G -Xms100m -Xlog:disable -javaagent:c:\Users\rupik\.vscode\extensions\redhat.java-1.52.0-win32-x64\lombok\lombok-1.18.39-4050.jar -XX:+HeapDumpOnOutOfMemoryError -XX:HeapDumpPath=c:\Users\rupik\AppData\Roaming\Code\User\workspaceStorage\01406bdcd998e9f02b55e3379587f3c9\redhat.java -Daether.dependencyCollector.impl=bf 
java_command: c:\Users\rupik\.vscode\extensions\redhat.java-1.52.0-win32-x64\server\plugins\org.eclipse.equinox.launcher_1.7.100.v20251111-0406.jar -configuration c:\Users\rupik\AppData\Roaming\Code\User\globalStorage\redhat.java\1.52.0\config_win -data c:\Users\rupik\AppData\Roaming\Code\User\workspaceStorage\01406bdcd998e9f02b55e3379587f3c9\redhat.java\jdt_ws --pipe=\\.\pipe\lsp-9a97440b64e3a64761d03d6f692263f2-sock
java_class_path (initial): c:\Users\rupik\.vscode\extensions\redhat.java-1.52.0-win32-x64\server\plugins\org.eclipse.equinox.launcher_1.7.100.v20251111-0406.jar
Launcher Type: SUN_STANDARD

[Global flags]
    uintx AdaptiveSizePolicyWeight                 = 90                                        {product} {command line}
     intx CICompilerCount                          = 4                                         {product} {ergonomic}
    uintx GCTimeRatio                              = 4                                         {product} {command line}
     bool HeapDumpOnOutOfMemoryError               = true                                   {manageable} {command line}
    ccstr HeapDumpPath                             = c:\Users\rupik\AppData\Roaming\Code\User\workspaceStorage\01406bdcd998e9f02b55e3379587f3c9\redhat.java         {manageable} {command line}
   size_t InitialHeapSize                          = 104857600                                 {product} {command line}
   size_t MaxHeapSize                              = 2147483648                                {product} {command line}
   size_t MaxNewSize                               = 715653120                                 {product} {ergonomic}
   size_t MinHeapDeltaBytes                        = 524288                                    {product} {ergonomic}
   size_t MinHeapSize                              = 104857600                                 {product} {command line}
   size_t NewSize                                  = 34603008                                  {product} {ergonomic}
    uintx NonNMethodCodeHeapSize                   = 5839372                                {pd product} {ergonomic}
    uintx NonProfiledCodeHeapSize                  = 122909434                              {pd product} {ergonomic}
   size_t OldSize                                  = 70254592                                  {product} {ergonomic}
    uintx ProfiledCodeHeapSize                     = 122909434                              {pd product} {ergonomic}
    uintx ReservedCodeCacheSize                    = 251658240                              {pd product} {ergonomic}
     bool SegmentedCodeCache                       = true                                      {product} {ergonomic}
   size_t SoftMaxHeapSize                          = 2147483648                             {manageable} {ergonomic}
     bool UseCompressedOops                        = true                           {product lp64_product} {ergonomic}
     bool UseLargePagesIndividualAllocation        = false                                  {pd product} {ergonomic}
     bool UseParallelGC                            = true                                      {product} {command line}

Logging:
Log output configuration:
 #0: stdout all=off uptime,level,tags foldmultilines=false
 #1: stderr all=off uptime,level,tags foldmultilines=false

Release file:
JAVA_VERSION="21.0.9" 
MODULES="java.base java.compiler java.datatransfer java.xml java.prefs java.desktop java.instrument java.logging java.management java.security.sasl java.naming java.rmi java.management.rmi java.net.http java.scripting java.security.jgss java.transaction.xa java.sql java.sql.rowset java.xml.crypto java.se java.smartcardio jdk.accessibility jdk.internal.jvmstat jdk.attach jdk.charsets jdk.internal.opt jdk.zipfs jdk.compiler jdk.crypto.ec jdk.crypto.cryptoki jdk.crypto.mscapi jdk.dynalink jdk.internal.ed jdk.editpad jdk.hotspot.agent jdk.httpserver jdk.internal.le jdk.internal.vm.ci jdk.internal.vm.compiler jdk.internal.vm.compiler.management jdk.jartool jdk.javadoc jdk.jcmd jdk.management jdk.management.agent jdk.jconsole jdk.jdeps jdk.jdwp.agent jdk.jdi jdk.jfr jdk.jshell jdk.jsobject jdk.jstatd jdk.localedata jdk.management.jfr jdk.naming.dns jdk.naming.rmi jdk.net jdk.nio.mapmode jdk.random jdk.sctp jdk.security.auth jdk.security.jgss jdk.unsupported jdk.unsupported.desktop jdk.xml.dom" 

Environment Variables:
JAVA_HOME=C:\Program Files\Java\jdk-21
PATH=C:\Program Files\Common Files\Oracle\Java\javapath;C:\Windows\system32;C:\Windows;C:\Windows\System32\Wbem;C:\Windows\System32\WindowsPowerShell\v1.0\;C:\Windows\System32\OpenSSH\;C:\Program Files\Java\jdk-22\bin;C:\Program Files\Common Files\Oracle\Java\javapath;C:\Program Files\Java\jdk-22;C:\Program Files\Java\jdk-22\bin;C:\Program Files\dotnet\;D:\java\apache-maven-3.9.12-bin\apache-maven-3.9.12\bin\bin;C:\Program Files\MySQL\MySQL Shell 8.0\bin\;C:\Users\rupik\AppData\Local\Microsoft\WindowsApps;C:\Users\rupik\AppData\Local\Programs\Microsoft VS Code\bin;C:\Users\rupik\AppData\Local\Programs\Python\Python313\Scripts;C:\Users\rupik\apache-maven-3.9.12\bin;
USERNAME=Rupika Nandigari
OS=Windows_NT
PROCESSOR_IDENTIFIER=Intel64 Family 6 Model 154 Stepping 4, GenuineIntel
TMP=C:\Users\rupik\AppData\Local\Temp
TEMP=C:\Users\rupik\AppData\Local\Temp




Periodic native trim disabled

---------------  S Y S T E M  ---------------

OS:
 Windows 11 , 64 bit Build 22621 (10.0.22621.5415)
OS uptime: 12 days 6:09 hours
Hyper-V role detected

CPU: total 12 (initial active 12) (6 cores per cpu, 2 threads per core) family 6 model 154 stepping 4 microcode 0x437, cx8, cmov, fxsr, ht, mmx, 3dnowpref, sse, sse2, sse3, ssse3, sse4.1, sse4.2, popcnt, lzcnt, tsc, tscinvbit, avx, avx2, aes, erms, clmul, bmi1, bmi2, adx, sha, fma, vzeroupper, clflush, clflushopt, clwb, hv, serialize, rdtscp, rdpid, fsrm, f16c, cet_ibt, cet_ss
Processor Information for the first 12 processors :
  Max Mhz: 1300, Current Mhz: 1300, Mhz Limit: 1300

Memory: 4k page, system-wide physical 16068M (2242M free)
TotalPageFile size 19453M (AvailPageFile size 99M)
current process WorkingSet (physical memory assigned to process): 755M, peak: 755M
current process commit charge ("private bytes"): 819M, peak: 821M

vm_info: OpenJDK 64-Bit Server VM (21.0.9+10-LTS) for windows-amd64 JRE (21.0.9+10-LTS), built on 2025-10-21T00:00:00Z by "admin" with unknown MS VC++:1942

END.
